<?xml version="1.0" encoding="UTF-8"?>
<!-- Generated by org.testng.reporters.JUnitReportReporter -->
<testsuite hostname="Tushars-MacBook-Air.local" failures="0" tests="2" name="test.Day1" time="0.005" errors="0" timestamp="2024-05-11T21:52:11 IST" skipped="0">
  <testcase classname="test.Day1" name="Demo" time="0.004"/>
  <testcase classname="test.Day1" name="SecondTest" time="0.001"/>
</testsuite> <!-- test.Day1 -->
