<?xml version="1.0" encoding="UTF-8"?>
<!-- Generated by org.testng.reporters.JUnitReportReporter -->
<testsuite hostname="Tushars-MacBook-Air.local" failures="0" tests="1" name="PS1" time="0.005" errors="0" timestamp="2024-05-11T22:32:36 IST" skipped="0">
  <testcase classname="PS1" name="a" time="0.005"/>
</testsuite> <!-- PS1 -->
