<?xml version="1.0" encoding="UTF-8"?>
<!-- Generated by org.testng.reporters.JUnitReportReporter -->
<testsuite hostname="Tushars-MacBook-Air.local" failures="0" tests="2" name="TestNG1" time="0.004" errors="0" timestamp="2024-03-31T22:12:24 IST" skipped="0">
  <testcase classname="TestNG1" name="a2" time="0.001"/>
  <testcase classname="TestNG1" name="a1" time="0.003"/>
</testsuite> <!-- TestNG1 -->
