<?xml version="1.0" encoding="UTF-8"?>
<!-- Generated by org.testng.reporters.JUnitReportReporter -->
<testsuite hostname="Tushars-MacBook-Air.local" failures="0" tests="1" name="test.Day3" time="0.004" errors="0" timestamp="2024-05-11T21:52:11 IST" skipped="0">
  <testcase classname="test.Day3" name="MobileLoginCarLoan" time="0.004"/>
</testsuite> <!-- test.Day3 -->
