<?xml version="1.0" encoding="UTF-8"?>
<!-- Generated by org.testng.reporters.JUnitReportReporter -->
<testsuite hostname="Tushars-MacBook-Air.local" failures="0" tests="1" name="Assertion1" time="9.793" errors="0" timestamp="2024-04-01T07:59:38 IST" skipped="0">
  <testcase classname="Assertion1" name="testCase1" time="9.793"/>
</testsuite> <!-- Assertion1 -->
