<?xml version="1.0" encoding="UTF-8"?>
<!-- Generated by org.testng.reporters.JUnitReportReporter -->
<testsuite hostname="Tushars-MacBook-Air.local" failures="0" tests="1" name="Assertion3" time="0.009" errors="0" timestamp="2024-04-01T09:20:08 IST" skipped="0">
  <testcase classname="Assertion3" name="testCase4" time="0.009"/>
</testsuite> <!-- Assertion3 -->
