<?xml version="1.0" encoding="UTF-8"?>
<!-- Generated by org.testng.reporters.JUnitReportReporter -->
<testsuite hostname="Tushars-MacBook-Air.local" failures="0" tests="5" name="TestNG4" time="0.003" errors="0" timestamp="2024-03-31T22:16:09 IST" skipped="2">
  <testcase classname="TestNG4" name="d" time="0.000"/>
  <testcase classname="TestNG4" name="f" time="0.000">
    <skipped/>
  </testcase> <!-- f -->
  <testcase classname="TestNG4" name="d" time="0.000"/>
  <testcase classname="TestNG4" name="c" time="0.003"/>
  <testcase classname="TestNG4" name="b">
    <skipped/>
  </testcase> <!-- b -->
</testsuite> <!-- TestNG4 -->
